#
# There is insufficient memory for the Java Runtime Environment to continue.
# Native memory allocation (malloc) failed to allocate 1048576 bytes for AllocateHeap
# Possible reasons:
#   The system is out of physical RAM or swap space
#   The process is running with CompressedOops enabled, and the Java Heap may be blocking the growth of the native heap
# Possible solutions:
#   Reduce memory load on the system
#   Increase physical memory or swap space
#   Check if swap backing store is full
#   Decrease Java heap size (-Xmx/-Xms)
#   Decrease number of Java threads
#   Decrease Java thread stack sizes (-Xss)
#   Set larger code cache with -XX:ReservedCodeCacheSize=
#   JVM is running with Unscaled Compressed Oops mode in which the Java heap is
#     placed in the first 4GB address space. The Java Heap base address is the
#     maximum limit for the native heap growth. Please use -XX:HeapBaseMinAddress
#     to set the Java Heap base and to place the Java Heap above 4GB virtual address.
# This output file may be truncated or incomplete.
#
#  Out of Memory Error (allocation.cpp:44), pid=15252, tid=25544
#
# JRE version:  (16.0.2+7) (build )
# Java VM: Java HotSpot(TM) 64-Bit Server VM (16.0.2+7-67, mixed mode, sharing, tiered, compressed oops, compressed class ptrs, g1 gc, windows-amd64)
# No core dump will be written. Minidumps are not enabled by default on client versions of Windows
#

---------------  S U M M A R Y ------------

Command Line: -Dfile.encoding=UTF-8 --module-path=C:\Users\asus\Documents\NetBeansProjects\VerticalTechProjectAssignment\build\classes Employees.details

Host: Intel(R) Core(TM) i7-8550U CPU @ 1.80GHz, 8 cores, 7G,  Windows 10 , 64 bit Build 19041 (10.0.19041.1348)
Time: Wed Jan 26 21:20:40 2022 India Standard Time elapsed time: 0.008875 seconds (0d 0h 0m 0s)

---------------  T H R E A D  ---------------

Current thread (0x000001ea1e0de3a0):  JavaThread "Unknown thread" [_thread_in_vm, id=25544, stack(0x00000036f1a00000,0x00000036f1b00000)]

Stack: [0x00000036f1a00000,0x00000036f1b00000]
Native frames: (J=compiled Java code, j=interpreted, Vv=VM code, C=native code)
V  [jvm.dll+0x6681ca]
V  [jvm.dll+0x7c9e69]
V  [jvm.dll+0x7cb61e]
V  [jvm.dll+0x7cbc73]
V  [jvm.dll+0x242c55]
V  [jvm.dll+0xa8732]
V  [jvm.dll+0x2dc6d4]
V  [jvm.dll+0x2d423b]
V  [jvm.dll+0x79c741]
V  [jvm.dll+0x360791]
V  [jvm.dll+0x77a3f0]
V  [jvm.dll+0x3e4e8f]
V  [jvm.dll+0x3e6961]
C  [jli.dll+0x52fb]
C  [ucrtbase.dll+0x21bb2]
C  [KERNEL32.DLL+0x17034]
C  [ntdll.dll+0x52651]


---------------  P R O C E S S  ---------------

Threads class SMR info:
_java_thread_list=0x00007ffb8e5fcbb8, length=0, elements={
}

Java Threads: ( => current thread )

Other Threads:
  0x000001ea1e119b10 GCTaskThread "GC Thread#0" [stack: 0x00000036f1b00000,0x00000036f1c00000] [id=17960]

[error occurred during error reporting (printing all threads), id 0xc0000005, EXCEPTION_ACCESS_VIOLATION (0xc0000005) at pc=0x00007ffb8ddd13c0]

VM state: not at safepoint (not fully initialized)

VM Mutex/Monitor currently owned by a thread:  ([mutex/lock_event])
[0x000001ea1e0db410] Heap_lock - owner thread: 0x000001ea1e0de3a0

Heap address: 0x0000000081e00000, size: 2018 MB, Compressed Oops mode: 32-bit

CDS archive(s) mapped at: [0x0000000000000000-0x0000000000000000-0x0000000000000000), size 0, SharedBaseAddress: 0x0000000800000000, ArchiveRelocationMode: 0.
Narrow klass base: 0x0000000000000000, Narrow klass shift: 0, Narrow klass range: 0x0

GC Precious Log:
<Empty>

Heap:
 garbage-first heap   total 0K, used 0K [0x0000000081e00000, 0x0000000100000000)
  region size 1024K, 0 young (0K), 0 survivors (0K)

[error occurred during error reporting (printing heap information), id 0xc0000005, EXCEPTION_ACCESS_VIOLATION (0xc0000005) at pc=0x00007ffb8e1b1eed]

GC Heap History (0 events):
No events

Deoptimization events (0 events):
No events

Classes unloaded (0 events):
No events

Classes redefined (0 events):
No events

Internal exceptions (0 events):
No events

Events (1 events):
Event: 0.006 Loaded shared library C:\Program Files\Java\jdk-16.0.2\bin\java.dll


Dynamic libraries:
0x00007ff7c9330000 - 0x00007ff7c9340000 	C:\Program Files\Java\jdk-16.0.2\bin\java.exe
0x00007ffbea0b0000 - 0x00007ffbea2a5000 	C:\Windows\SYSTEM32\ntdll.dll
0x00007ffbe9840000 - 0x00007ffbe98fe000 	C:\Windows\System32\KERNEL32.DLL
0x00007ffbe7af0000 - 0x00007ffbe7db8000 	C:\Windows\System32\KERNELBASE.dll
0x00007ffbe4f10000 - 0x00007ffbe4fa0000 	C:\Windows\SYSTEM32\apphelp.dll
0x00007ffbe7dc0000 - 0x00007ffbe7ec0000 	C:\Windows\System32\ucrtbase.dll
0x00007ffbdd310000 - 0x00007ffbdd328000 	C:\Program Files\Java\jdk-16.0.2\bin\jli.dll
0x00007ffbc5f10000 - 0x00007ffbc5f29000 	C:\Program Files\Java\jdk-16.0.2\bin\VCRUNTIME140.dll
0x00007ffbe9f20000 - 0x00007ffbe9fcc000 	C:\Windows\System32\ADVAPI32.dll
0x00007ffbe9d50000 - 0x00007ffbe9dee000 	C:\Windows\System32\msvcrt.dll
0x00007ffbe8100000 - 0x00007ffbe819b000 	C:\Windows\System32\sechost.dll
0x00007ffbe9df0000 - 0x00007ffbe9f1a000 	C:\Windows\System32\RPCRT4.dll
0x00007ffbe9b40000 - 0x00007ffbe9ce1000 	C:\Windows\System32\USER32.dll
0x00007ffbe7f70000 - 0x00007ffbe7f92000 	C:\Windows\System32\win32u.dll
0x00007ffbd3120000 - 0x00007ffbd33ba000 	C:\Windows\WinSxS\amd64_microsoft.windows.common-controls_6595b64144ccf1df_6.0.19041.1110_none_60b5254171f9507e\COMCTL32.dll
0x00007ffbe9670000 - 0x00007ffbe969b000 	C:\Windows\System32\GDI32.dll
0x00007ffbe78e0000 - 0x00007ffbe79eb000 	C:\Windows\System32\gdi32full.dll
0x00007ffbe79f0000 - 0x00007ffbe7a8d000 	C:\Windows\System32\msvcp_win.dll
0x00007ffbde930000 - 0x00007ffbde93a000 	C:\Windows\SYSTEM32\VERSION.dll
0x00007ffbe9b00000 - 0x00007ffbe9b30000 	C:\Windows\System32\IMM32.DLL
0x00007ffbe2790000 - 0x00007ffbe279c000 	C:\Program Files\Java\jdk-16.0.2\bin\vcruntime140_1.dll
0x00007ffbaa7a0000 - 0x00007ffbaa831000 	C:\Program Files\Java\jdk-16.0.2\bin\msvcp140.dll
0x00007ffb8daf0000 - 0x00007ffb8e69b000 	C:\Program Files\Java\jdk-16.0.2\bin\server\jvm.dll
0x00007ffbe9b30000 - 0x00007ffbe9b38000 	C:\Windows\System32\PSAPI.DLL
0x00007ffbd1b10000 - 0x00007ffbd1b19000 	C:\Windows\SYSTEM32\WSOCK32.dll
0x00007ffbd37f0000 - 0x00007ffbd3817000 	C:\Windows\SYSTEM32\WINMM.dll
0x00007ffbe9900000 - 0x00007ffbe996b000 	C:\Windows\System32\WS2_32.dll
0x00007ffbe58b0000 - 0x00007ffbe58c2000 	C:\Windows\SYSTEM32\kernel.appcore.dll
0x00007ffbe0e60000 - 0x00007ffbe0e6a000 	C:\Program Files\Java\jdk-16.0.2\bin\jimage.dll
0x00007ffbdeca0000 - 0x00007ffbdee84000 	C:\Windows\SYSTEM32\DBGHELP.DLL
0x00007ffbe2c30000 - 0x00007ffbe2c5c000 	C:\Windows\SYSTEM32\dbgcore.DLL
0x00007ffbe7850000 - 0x00007ffbe78d3000 	C:\Windows\System32\bcryptPrimitives.dll
0x00007ffbc24f0000 - 0x00007ffbc2515000 	C:\Program Files\Java\jdk-16.0.2\bin\java.dll

dbghelp: loaded successfully - version: 4.0.5 - missing functions: none
symbol engine: initialized successfully - sym options: 0x614 - pdb path: .;C:\Program Files\Java\jdk-16.0.2\bin;C:\Windows\SYSTEM32;C:\Windows\WinSxS\amd64_microsoft.windows.common-controls_6595b64144ccf1df_6.0.19041.1110_none_60b5254171f9507e;C:\Program Files\Java\jdk-16.0.2\bin\server

VM Arguments:
jvm_args: -Dfile.encoding=UTF-8 --module-path=C:\Users\asus\Documents\NetBeansProjects\VerticalTechProjectAssignment\build\classes 
java_command: Employees.details
java_class_path (initial): C:\Users\asus\Downloads\New folder (34)\Employee-Management-System-master\Employee-Management-System\dist\lib\mysql-connector-java-5.1.23-bin.jar;C:\Users\asus\Documents\NetBeansProjects\VerticalTechProjectAssignment\build\classes
Launcher Type: SUN_STANDARD

[Global flags]
     intx CICompilerCount                          = 4                                         {product} {ergonomic}
     uint ConcGCThreads                            = 2                                         {product} {ergonomic}
     uint G1ConcRefinementThreads                  = 8                                         {product} {ergonomic}
   size_t G1HeapRegionSize                         = 1048576                                   {product} {ergonomic}
    uintx GCDrainStackTargetSize                   = 64                                        {product} {ergonomic}
   size_t InitialHeapSize                          = 134217728                                 {product} {ergonomic}
   size_t MarkStackSize                            = 4194304                                   {product} {ergonomic}
   size_t MaxHeapSize                              = 2116026368                                {product} {ergonomic}
   size_t MinHeapDeltaBytes                        = 1048576                                   {product} {ergonomic}
   size_t MinHeapSize                              = 8388608                                   {product} {ergonomic}
    uintx NonNMethodCodeHeapSize                   = 5839372                                {pd product} {ergonomic}
    uintx NonProfiledCodeHeapSize                  = 122909434                              {pd product} {ergonomic}
    uintx ProfiledCodeHeapSize                     = 122909434                              {pd product} {ergonomic}
    uintx ReservedCodeCacheSize                    = 251658240                              {pd product} {ergonomic}
     bool SegmentedCodeCache                       = true                                      {product} {ergonomic}
   size_t SoftMaxHeapSize                          = 2116026368                             {manageable} {ergonomic}
     bool UseCompressedClassPointers               = true                           {product lp64_product} {ergonomic}
     bool UseCompressedOops                        = true                           {product lp64_product} {ergonomic}
     bool UseG1GC                                  = true                                      {product} {ergonomic}
     bool UseLargePagesIndividualAllocation        = false                                  {pd product} {ergonomic}

Logging:
Log output configuration:
 #0: stdout all=warning uptime,level,tags
 #1: stderr all=off uptime,level,tags

Environment Variables:
PATH=C:\Program Files\Common Files\Oracle\Java\javapath;C:\Windows\system32;C:\Windows;C:\Windows\System32\Wbem;C:\Windows\System32\WindowsPowerShell\v1.0\;C:\Windows\System32\OpenSSH\;C:\Program Files\Intel\WiFi\bin\;C:\Program Files\Common Files\Intel\WirelessCommon\;C:\Program Files\Git\cmd;C:\Program Files\jdk-14.0.2\bin;C:\Program Files\dotnet\;C:\Program Files\Microsoft SQL Server\130\Tools\Binn\;C:\Program Files\Microsoft SQL Server\Client SDK\ODBC\170\Tools\Binn\;C:\Users\asus\Downloads\apache-ant-1.10.11-bin\apache-ant-1.10.11\bin;C:\javacc-javacc-7.0.10\scripts;C:\Program Files\nodejs\;C:\Users\asus\AppData\Local\Programs\Python\Python39\Scripts\;C:\Users\asus\AppData\Local\Programs\Python\Python39\;C:\Program Files\jdk-14.0.2\bin;C:\xampp\php;C:\Users\asus\AppData\Local\ComposerSetup\bin;C:\Users\asus\AppData\Roaming\Composer\vendor\bin;C:\Users\asus\.dotnet\tools;C:\Users\asus\AppData\Local\Programs\Microsoft VS Code\bin;C:\gradle-7.1.1-bin\gradle-7.1.1\bin;C:\Program Files\JetBrains\IntelliJ IDEA 2021.1.3\bin;;C:\javacc-javacc-7.0.10\scripts;C:\Users\asus\AppData\Roaming\npm
USERNAME=asus
OS=Windows_NT
PROCESSOR_IDENTIFIER=Intel64 Family 6 Model 142 Stepping 10, GenuineIntel



---------------  S Y S T E M  ---------------

OS:
 Windows 10 , 64 bit Build 19041 (10.0.19041.1348)
OS uptime: 36 days 2:30 hours

CPU: total 8 (initial active 8) (4 cores per cpu, 2 threads per core) family 6 model 142 stepping 10 microcode 0xb4, cx8, cmov, fxsr, ht, mmx, 3dnowpref, sse, sse2, sse3, ssse3, sse4.1, sse4.2, popcnt, lzcnt, tsc, tscinvbit, avx, avx2, aes, erms, clmul, bmi1, bmi2, adx, fma, vzeroupper, clflush, clflushopt

Memory: 4k page, system-wide physical 8071M (1283M free)
TotalPageFile size 32647M (AvailPageFile size 5M)
current process WorkingSet (physical memory assigned to process): 10M, peak: 10M
current process commit charge ("private bytes"): 51M, peak: 52M

vm_info: Java HotSpot(TM) 64-Bit Server VM (16.0.2+7-67) for windows-amd64 JRE (16.0.2+7-67), built on Jun  8 2021 23:24:19 by "mach5one" with MS VC++ 16.7 (VS2019)

END.
